<?xml version="1.0" encoding="UTF-8"?>
<!-- Generated by org.testng.reporters.JUnitReportReporter -->
<testsuite hostname="DUY" failures="0" tests="3" name="com.tvinh.test1.GetNewsTest" time="5.869" errors="0" timestamp="2022-07-01T20:25:21 ICT" skipped="0">
  <testcase classname="com.tvinh.test1.GetNewsTest" name="Test02" time="1.342"/>
  <system-out/>
  <testcase classname="com.tvinh.test1.GetNewsTest" name="Test03" time="1.262"/>
  <system-out/>
  <testcase classname="com.tvinh.test1.GetNewsTest" name="Test01" time="3.265"/>
  <system-out/>
</testsuite> <!-- com.tvinh.test1.GetNewsTest -->
