<?xml version="1.0" encoding="UTF-8"?>
<!-- Generated by org.testng.reporters.JUnitReportReporter -->
<testsuite hostname="LAPTOP-8502" failures="0" tests="1" name="tests.Create_bid" time="6.070" errors="0" timestamp="2022-07-01T10:02:54 ICT" skipped="0">
  <testcase classname="tests.Create_bid" name="Test01" time="6.070"/>
  <system-out/>
</testsuite> <!-- tests.Create_bid -->
