<?xml version="1.0" encoding="UTF-8"?>
<!-- Generated by org.testng.reporters.JUnitReportReporter -->
<testsuite hostname="LAPTOP-O8200AJ0" failures="0" tests="8" name="tests.SignUpTest" time="13.933" errors="0" timestamp="2022-06-20T03:56:09 ICT" skipped="0">
  <testcase classname="tests.SignUpTest" name="Test06" time="1.453"/>
  <system-out/>
  <testcase classname="tests.SignUpTest" name="Test03" time="1.458"/>
  <system-out/>
  <testcase classname="tests.SignUpTest" name="Test07" time="1.395"/>
  <system-out/>
  <testcase classname="tests.SignUpTest" name="Test02" time="1.425"/>
  <system-out/>
  <testcase classname="tests.SignUpTest" name="Test01" time="3.901"/>
  <system-out/>
  <testcase classname="tests.SignUpTest" name="Test04" time="1.410"/>
  <system-out/>
  <testcase classname="tests.SignUpTest" name="Test08" time="1.450"/>
  <system-out/>
  <testcase classname="tests.SignUpTest" name="Test05" time="1.441"/>
  <system-out/>
</testsuite> <!-- tests.SignUpTest -->
