<?xml version="1.0" encoding="UTF-8"?>
<!-- Generated by org.testng.reporters.JUnitReportReporter -->
<testsuite hostname="LAPTOP-8502" failures="0" tests="1" name="tests.CreateCommentTest" time="5.038" errors="0" timestamp="2022-06-30T08:03:26 ICT" skipped="0">
  <testcase classname="tests.CreateCommentTest" name="Test01" time="5.038"/>
  <system-out/>
</testsuite> <!-- tests.CreateCommentTest -->
