<?xml version="1.0" encoding="UTF-8"?>
<!-- Generated by org.testng.reporters.JUnitReportReporter -->
<testsuite hostname="LAPTOP-8502" failures="0" tests="1" name="tests.GetListAuctionsByUserTest" time="4.075" errors="0" timestamp="2022-06-22T23:10:22 ICT" skipped="0">
  <testcase classname="tests.GetListAuctionsByUserTest" name="Test_01" time="4.075"/>
  <system-out/>
</testsuite> <!-- tests.GetListAuctionsByUserTest -->
