<?xml version="1.0" encoding="UTF-8"?>
<!-- Generated by org.testng.reporters.JUnitReportReporter -->
<testsuite hostname="LAPTOP-8502" failures="0" tests="1" name="tests.chiuchiu" time="2.719" errors="0" timestamp="2022-06-29T21:27:05 ICT" skipped="0">
  <testcase classname="tests.chiuchiu" name="Test01" time="2.719"/>
  <system-out/>
</testsuite> <!-- tests.chiuchiu -->
