<?xml version="1.0" encoding="UTF-8"?>
<!-- Generated by org.testng.reporters.JUnitReportReporter -->
<testsuite hostname="LAPTOP-8502" failures="0" tests="1" name="tests.Get_list_bids" time="4.143" errors="0" timestamp="2022-07-01T10:15:01 ICT" skipped="0">
  <testcase classname="tests.Get_list_bids" name="Test01" time="4.143"/>
  <system-out/>
</testsuite> <!-- tests.Get_list_bids -->
