<?xml version="1.0" encoding="UTF-8"?>
<!-- Generated by org.testng.reporters.JUnitReportReporter -->
<testsuite hostname="LAPTOP-8502" failures="0" tests="1" name="tests.LogOutTest" time="6.298" errors="0" timestamp="2022-06-30T08:00:16 ICT" skipped="0">
  <testcase classname="tests.LogOutTest" name="Test01" time="6.298"/>
  <system-out/>
</testsuite> <!-- tests.LogOutTest -->
