<?xml version="1.0" encoding="UTF-8"?>
<!-- Generated by org.testng.reporters.JUnitReportReporter -->
<testsuite hostname="LAPTOP-O8200AJ0" failures="0" tests="1" name="tests.EditTest" time="5.077" errors="0" timestamp="2022-06-18T13:33:18 ICT" skipped="0">
  <testcase classname="tests.EditTest" name="TestCase01" time="5.077"/>
  <system-out/>
</testsuite> <!-- tests.EditTest -->
