<?xml version="1.0" encoding="UTF-8"?>
<!-- Generated by org.testng.reporters.JUnitReportReporter -->
<testsuite hostname="LAPTOP-8502" failures="0" tests="1" name="tests.GetListAutionsByStatusTest" time="2.621" errors="0" timestamp="2022-06-20T23:09:08 ICT" skipped="0">
  <testcase classname="tests.GetListAutionsByStatusTest" name="Test_01" time="2.621"/>
  <system-out/>
</testsuite> <!-- tests.GetListAutionsByStatusTest -->
