<?xml version="1.0" encoding="UTF-8"?>
<!-- Generated by org.testng.reporters.JUnitReportReporter -->
<testsuite hostname="LAPTOP-O8200AJ0" failures="0" tests="1" name="tests.LoginTest" time="11.130" errors="0" timestamp="2022-06-18T20:04:39 ICT" skipped="0">
  <testcase classname="tests.LoginTest" name="Test01" time="11.130"/>
  <system-out/>
</testsuite> <!-- tests.LoginTest -->
