<?xml version="1.0" encoding="UTF-8"?>
<!-- Generated by org.testng.reporters.JUnitReportReporter -->
<testsuite hostname="LAPTOP-O8200AJ0" failures="0" tests="1" name="tests.CreateItemTest" time="3.010" errors="0" timestamp="2022-06-18T20:12:26 ICT" skipped="0">
  <testcase classname="tests.CreateItemTest" name="Test01" time="3.010"/>
  <system-out/>
</testsuite> <!-- tests.CreateItemTest -->
