<?xml version="1.0" encoding="UTF-8"?>
<!-- Generated by org.testng.reporters.JUnitReportReporter -->
<testsuite hostname="LAPTOP-8502" failures="0" tests="1" name="tests.Get_notifications" time="6.203" errors="0" timestamp="2022-06-30T16:39:53 ICT" skipped="0">
  <testcase classname="tests.Get_notifications" name="Test01" time="6.203"/>
  <system-out/>
</testsuite> <!-- tests.Get_notifications -->
