<?xml version="1.0" encoding="UTF-8"?>
<!-- Generated by org.testng.reporters.JUnitReportReporter -->
<testsuite hostname="LAPTOP-8502" failures="0" tests="1" name="tests.EditAccountTest" time="2.719" errors="0" timestamp="2022-06-22T23:32:21 ICT" skipped="0">
  <testcase classname="tests.EditAccountTest" name="TestCase01" time="2.719"/>
  <system-out/>
</testsuite> <!-- tests.EditAccountTest -->
