<?xml version="1.0" encoding="UTF-8"?>
<!-- Generated by org.testng.reporters.JUnitReportReporter -->
<testsuite hostname="LAPTOP-O8200AJ0" failures="1" tests="8" name="tests.SignUpTest" time="11.635" errors="0" timestamp="2022-06-20T09:23:30 ICT" skipped="0">
  <testcase classname="tests.SignUpTest" name="Test04" time="1.354"/>
  <system-out/>
  <testcase classname="tests.SignUpTest" name="Test07" time="1.330"/>
  <system-out/>
  <testcase classname="tests.SignUpTest" name="Test03" time="1.384"/>
  <system-out/>
  <testcase classname="tests.SignUpTest" name="Test06" time="1.644"/>
  <system-out/>
  <testcase classname="tests.SignUpTest" name="Test05" time="1.712"/>
  <system-out/>
  <testcase classname="tests.SignUpTest" name="Test08" time="1.341">
    <failure message="did not expect [1001] but found [1001]" type="java.lang.AssertionError">
      <![CDATA[java.lang.AssertionError: did not expect [1001] but found [1001]
at org.testng.Assert.fail(Assert.java:110)
at org.testng.Assert.failEquals(Assert.java:1417)
at org.testng.Assert.assertNotEqualsImpl(Assert.java:156)
at org.testng.Assert.assertNotEquals(Assert.java:2033)
at org.testng.Assert.assertNotEquals(Assert.java:2055)
at tests.SignUpTest.Test08(SignUpTest.java:205)
at java.base/jdk.internal.reflect.NativeMethodAccessorImpl.invoke0(Native Method)
at java.base/jdk.internal.reflect.NativeMethodAccessorImpl.invoke(NativeMethodAccessorImpl.java:77)
at java.base/jdk.internal.reflect.DelegatingMethodAccessorImpl.invoke(DelegatingMethodAccessorImpl.java:43)
at java.base/java.lang.reflect.Method.invoke(Method.java:568)
at org.testng.internal.invokers.MethodInvocationHelper.invokeMethod(MethodInvocationHelper.java:139)
at org.testng.internal.invokers.TestInvoker.invokeMethod(TestInvoker.java:677)
at org.testng.internal.invokers.TestInvoker.invokeTestMethod(TestInvoker.java:221)
at org.testng.internal.invokers.MethodRunner.runInSequence(MethodRunner.java:50)
at org.testng.internal.invokers.TestInvoker$MethodInvocationAgent.invoke(TestInvoker.java:962)
at org.testng.internal.invokers.TestInvoker.invokeTestMethods(TestInvoker.java:194)
at org.testng.internal.invokers.TestMethodWorker.invokeTestMethods(TestMethodWorker.java:148)
at org.testng.internal.invokers.TestMethodWorker.run(TestMethodWorker.java:128)
at java.base/java.util.ArrayList.forEach(ArrayList.java:1511)
at org.testng.TestRunner.privateRun(TestRunner.java:806)
at org.testng.TestRunner.run(TestRunner.java:601)
at org.testng.SuiteRunner.runTest(SuiteRunner.java:433)
at org.testng.SuiteRunner.runSequentially(SuiteRunner.java:427)
at org.testng.SuiteRunner.privateRun(SuiteRunner.java:387)
at org.testng.SuiteRunner.run(SuiteRunner.java:330)
at org.testng.SuiteRunnerWorker.runSuite(SuiteRunnerWorker.java:52)
at org.testng.SuiteRunnerWorker.run(SuiteRunnerWorker.java:95)
at org.testng.TestNG.runSuitesSequentially(TestNG.java:1256)
at org.testng.TestNG.runSuitesLocally(TestNG.java:1176)
at org.testng.TestNG.runSuites(TestNG.java:1099)
at org.testng.TestNG.run(TestNG.java:1067)
at demo.TestSignUpCall.callSignUpTest(TestSignUpCall.java:16)
at demo.Main.lambda$2(Main.java:98)
at javafx.base@18.0.1/com.sun.javafx.event.CompositeEventHandler.dispatchBubblingEvent(CompositeEventHandler.java:86)
at javafx.base@18.0.1/com.sun.javafx.event.EventHandlerManager.dispatchBubblingEvent(EventHandlerManager.java:234)
at javafx.base@18.0.1/com.sun.javafx.event.EventHandlerManager.dispatchBubblingEvent(EventHandlerManager.java:191)
at javafx.base@18.0.1/com.sun.javafx.event.CompositeEventDispatcher.dispatchBubblingEvent(CompositeEventDispatcher.java:59)
at javafx.base@18.0.1/com.sun.javafx.event.BasicEventDispatcher.dispatchEvent(BasicEventDispatcher.java:58)
at javafx.base@18.0.1/com.sun.javafx.event.EventDispatchChainImpl.dispatchEvent(EventDispatchChainImpl.java:114)
at javafx.base@18.0.1/com.sun.javafx.event.BasicEventDispatcher.dispatchEvent(BasicEventDispatcher.java:56)
at javafx.base@18.0.1/com.sun.javafx.event.EventDispatchChainImpl.dispatchEvent(EventDispatchChainImpl.java:114)
at javafx.base@18.0.1/com.sun.javafx.event.BasicEventDispatcher.dispatchEvent(BasicEventDispatcher.java:56)
at javafx.base@18.0.1/com.sun.javafx.event.EventDispatchChainImpl.dispatchEvent(EventDispatchChainImpl.java:114)
at javafx.base@18.0.1/com.sun.javafx.event.EventUtil.fireEventImpl(EventUtil.java:74)
at javafx.base@18.0.1/com.sun.javafx.event.EventUtil.fireEvent(EventUtil.java:49)
at javafx.base@18.0.1/javafx.event.Event.fireEvent(Event.java:198)
at javafx.graphics@18.0.1/javafx.scene.Node.fireEvent(Node.java:8797)
at javafx.controls@18.0.1/javafx.scene.control.Button.fire(Button.java:203)
at javafx.controls@18.0.1/com.sun.javafx.scene.control.behavior.ButtonBehavior.mouseReleased(ButtonBehavior.java:208)
at javafx.controls@18.0.1/com.sun.javafx.scene.control.inputmap.InputMap.handle(InputMap.java:274)
at javafx.base@18.0.1/com.sun.javafx.event.CompositeEventHandler$NormalEventHandlerRecord.handleBubblingEvent(CompositeEventHandler.java:247)
at javafx.base@18.0.1/com.sun.javafx.event.CompositeEventHandler.dispatchBubblingEvent(CompositeEventHandler.java:80)
at javafx.base@18.0.1/com.sun.javafx.event.EventHandlerManager.dispatchBubblingEvent(EventHandlerManager.java:234)
at javafx.base@18.0.1/com.sun.javafx.event.EventHandlerManager.dispatchBubblingEvent(EventHandlerManager.java:191)
at javafx.base@18.0.1/com.sun.javafx.event.CompositeEventDispatcher.dispatchBubblingEvent(CompositeEventDispatcher.java:59)
at javafx.base@18.0.1/com.sun.javafx.event.BasicEventDispatcher.dispatchEvent(BasicEventDispatcher.java:58)
at javafx.base@18.0.1/com.sun.javafx.event.EventDispatchChainImpl.dispatchEvent(EventDispatchChainImpl.java:114)
at javafx.base@18.0.1/com.sun.javafx.event.BasicEventDispatcher.dispatchEvent(BasicEventDispatcher.java:56)
at javafx.base@18.0.1/com.sun.javafx.event.EventDispatchChainImpl.dispatchEvent(EventDispatchChainImpl.java:114)
at javafx.base@18.0.1/com.sun.javafx.event.BasicEventDispatcher.dispatchEvent(BasicEventDispatcher.java:56)
at javafx.base@18.0.1/com.sun.javafx.event.EventDispatchChainImpl.dispatchEvent(EventDispatchChainImpl.java:114)
at javafx.base@18.0.1/com.sun.javafx.event.EventUtil.fireEventImpl(EventUtil.java:74)
at javafx.base@18.0.1/com.sun.javafx.event.EventUtil.fireEvent(EventUtil.java:54)
at javafx.base@18.0.1/javafx.event.Event.fireEvent(Event.java:198)
at javafx.graphics@18.0.1/javafx.scene.Scene$MouseHandler.process(Scene.java:3881)
at javafx.graphics@18.0.1/javafx.scene.Scene.processMouseEvent(Scene.java:1874)
at javafx.graphics@18.0.1/javafx.scene.Scene$ScenePeerListener.mouseEvent(Scene.java:2607)
at javafx.graphics@18.0.1/com.sun.javafx.tk.quantum.GlassViewEventHandler$MouseEventNotification.run(GlassViewEventHandler.java:411)
at javafx.graphics@18.0.1/com.sun.javafx.tk.quantum.GlassViewEventHandler$MouseEventNotification.run(GlassViewEventHandler.java:301)
at java.base/java.security.AccessController.doPrivileged(AccessController.java:399)
at javafx.graphics@18.0.1/com.sun.javafx.tk.quantum.GlassViewEventHandler.lambda$handleMouseEvent$2(GlassViewEventHandler.java:450)
at javafx.graphics@18.0.1/com.sun.javafx.tk.quantum.QuantumToolkit.runWithoutRenderLock(QuantumToolkit.java:424)
at javafx.graphics@18.0.1/com.sun.javafx.tk.quantum.GlassViewEventHandler.handleMouseEvent(GlassViewEventHandler.java:449)
at javafx.graphics@18.0.1/com.sun.glass.ui.View.handleMouseEvent(View.java:551)
at javafx.graphics@18.0.1/com.sun.glass.ui.View.notifyMouse(View.java:937)
at javafx.graphics@18.0.1/com.sun.glass.ui.win.WinApplication._runLoop(Native Method)
at javafx.graphics@18.0.1/com.sun.glass.ui.win.WinApplication.lambda$runLoop$3(WinApplication.java:184)
at java.base/java.lang.Thread.run(Thread.java:833)
]]>
    </failure>
  </testcase> <!-- Test08 -->
  <system-out/>
  <testcase classname="tests.SignUpTest" name="Test01" time="1.384"/>
  <system-out/>
  <testcase classname="tests.SignUpTest" name="Test02" time="1.486"/>
  <system-out/>
</testsuite> <!-- tests.SignUpTest -->
