<?xml version="1.0" encoding="UTF-8"?>
<!-- Generated by org.testng.reporters.JUnitReportReporter -->
<testsuite hostname="LAPTOP-8502" failures="0" tests="1" name="tests.GetListAuctionsByStatusTest" time="2.764" errors="0" timestamp="2022-06-22T21:31:11 ICT" skipped="0">
  <testcase classname="tests.GetListAuctionsByStatusTest" name="Test01" time="2.764"/>
  <system-out/>
</testsuite> <!-- tests.GetListAuctionsByStatusTest -->
