<?xml version="1.0" encoding="UTF-8"?>
<!-- Generated by org.testng.reporters.JUnitReportReporter -->
<testsuite hostname="LAPTOP-8502" failures="0" tests="1" name="tests.LoginTest" time="3.345" errors="0" timestamp="2022-06-29T21:59:39 ICT" skipped="0">
  <testcase classname="tests.LoginTest" name="Test01" time="3.345"/>
  <system-out/>
</testsuite> <!-- tests.LoginTest -->
