<?xml version="1.0" encoding="UTF-8"?>
<!-- Generated by org.testng.reporters.JUnitReportReporter -->
<testsuite hostname="LAPTOP-8502" failures="0" tests="1" name="tests.CreateAuctionsTest" time="3.188" errors="0" timestamp="2022-06-30T08:02:16 ICT" skipped="0">
  <testcase classname="tests.CreateAuctionsTest" name="Test01" time="3.188"/>
  <system-out/>
</testsuite> <!-- tests.CreateAuctionsTest -->
