<?xml version="1.0" encoding="UTF-8"?>
<!-- Generated by org.testng.reporters.JUnitReportReporter -->
<testsuite hostname="LAPTOP-8502" failures="0" tests="1" name="tests.GetListAuctionsTest" time="2.854" errors="0" timestamp="2022-06-20T23:05:04 ICT" skipped="0">
  <testcase classname="tests.GetListAuctionsTest" name="Test01" time="2.854"/>
  <system-out/>
</testsuite> <!-- tests.GetListAuctionsTest -->
