<?xml version="1.0" encoding="UTF-8"?>
<!-- Generated by org.testng.reporters.JUnitReportReporter -->
<testsuite hostname="LAPTOP-8502" failures="0" tests="1" name="tests.GetDetailsAuctionsTest" time="3.377" errors="0" timestamp="2022-06-29T21:27:13 ICT" skipped="0">
  <testcase classname="tests.GetDetailsAuctionsTest" name="Test01" time="3.377"/>
  <system-out/>
</testsuite> <!-- tests.GetDetailsAuctionsTest -->
