<?xml version="1.0" encoding="UTF-8"?>
<!-- Generated by org.testng.reporters.JUnitReportReporter -->
<testsuite hostname="LAPTOP-8502" failures="0" tests="1" name="tests.LoginTest" time="6.399" errors="0" timestamp="2022-06-23T16:16:05 ICT" skipped="0">
  <testcase classname="tests.LoginTest" name="Test01" time="6.399"/>
  <system-out/>
</testsuite> <!-- tests.LoginTest -->
