<?xml version="1.0" encoding="UTF-8"?>
<!-- Generated by org.testng.reporters.JUnitReportReporter -->
<testsuite hostname="LAPTOP-8502" failures="0" tests="1" name="tests.Read_notifications" time="14.358" errors="0" timestamp="2022-07-01T09:44:25 ICT" skipped="0">
  <testcase classname="tests.Read_notifications" name="Test01" time="14.358"/>
  <system-out/>
</testsuite> <!-- tests.Read_notifications -->
