<?xml version="1.0" encoding="UTF-8"?>
<!-- Generated by org.testng.reporters.JUnitReportReporter -->
<testsuite hostname="LAPTOP-8502" failures="0" tests="1" name="tests.CreateCommentTest" time="2.797" errors="0" timestamp="2022-06-22T23:31:24 ICT" skipped="0">
  <testcase classname="tests.CreateCommentTest" name="Test01" time="2.797"/>
  <system-out/>
</testsuite> <!-- tests.CreateCommentTest -->
