<?xml version="1.0" encoding="UTF-8"?>
<!-- Generated by org.testng.reporters.JUnitReportReporter -->
<testsuite hostname="LAPTOP-8502" failures="0" tests="1" name="tests.SignUpTest" time="3.504" errors="0" timestamp="2022-06-22T21:07:07 ICT" skipped="0">
  <testcase classname="tests.SignUpTest" name="Test01" time="3.504"/>
  <system-out/>
</testsuite> <!-- tests.SignUpTest -->
