<?xml version="1.0" encoding="UTF-8"?>
<!-- Generated by org.testng.reporters.JUnitReportReporter -->
<testsuite hostname="LAPTOP-8502" failures="0" tests="1" name="tests.Examples" time="1.491" errors="0" timestamp="2022-06-20T21:13:16 ICT" skipped="0">
  <testcase classname="tests.Examples" name="test_01" time="1.491"/>
  <system-out/>
</testsuite> <!-- tests.Examples -->
