<?xml version="1.0" encoding="UTF-8"?>
<!-- Generated by org.testng.reporters.JUnitReportReporter -->
<testsuite hostname="LAPTOP-O8200AJ0" failures="0" tests="1" name="tests.LogOutTest" time="1.493" errors="0" timestamp="2022-06-22T23:45:11 ICT" skipped="0">
  <testcase classname="tests.LogOutTest" name="Test01" time="1.493"/>
  <system-out/>
</testsuite> <!-- tests.LogOutTest -->
