<?xml version="1.0" encoding="UTF-8"?>
<!-- Generated by org.testng.reporters.JUnitReportReporter -->
<testsuite hostname="LAPTOP-8502" failures="0" tests="1" name="tests.Get_list_brands" time="3.158" errors="0" timestamp="2022-06-30T22:59:17 ICT" skipped="0">
  <testcase classname="tests.Get_list_brands" name="Test01" time="3.158"/>
  <system-out/>
</testsuite> <!-- tests.Get_list_brands -->
