<?xml version="1.0" encoding="UTF-8"?>
<!-- Generated by org.testng.reporters.JUnitReportReporter -->
<testsuite hostname="LAPTOP-8502" failures="0" tests="1" name="tests.Like_auction" time="5.512" errors="0" timestamp="2022-07-01T10:27:36 ICT" skipped="0">
  <testcase classname="tests.Like_auction" name="Test02" time="5.512"/>
  <system-out/>
</testsuite> <!-- tests.Like_auction -->
