<?xml version="1.0" encoding="UTF-8"?>
<!-- Generated by org.testng.reporters.JUnitReportReporter -->
<testsuite hostname="LAPTOP-8502" failures="0" tests="1" name="tests.Get_notifications" time="5.186" errors="0" timestamp="2022-06-30T22:23:03 ICT" skipped="0">
  <testcase classname="tests.Get_notifications" name="Test01" time="5.186"/>
  <system-out/>
</testsuite> <!-- tests.Get_notifications -->
