<?xml version="1.0" encoding="UTF-8"?>
<!-- Generated by org.testng.reporters.JUnitReportReporter -->
<testsuite hostname="LAPTOP-8502" failures="0" tests="1" name="tests.Search" time="4.145" errors="0" timestamp="2022-06-30T22:17:26 ICT" skipped="0">
  <testcase classname="tests.Search" name="Test01" time="4.145"/>
  <system-out/>
</testsuite> <!-- tests.Search -->
